Using pre-set license
Built from '2020.3/staging' branch; Version is '2020.3.24f1 (79c78de19888) revision 7980941'; Using compiler version '192528614'; Build Type 'Release'
OS: 'Windows 11  (10.0.22000) 64bit CoreSingleLanguage' Language: 'en' Physical Memory: 15809 MB
BatchMode: 1, IsHumanControllingUs: 0, StartBugReporterOnCrash: 0, Is64bit: 1, IsPro: 0

COMMAND LINE ARGUMENTS:
D:\unityinst\2020.3.24f1\Editor\Unity.exe
-adb2
-batchMode
-noUpm
-name
AssetImportWorker0
-projectPath
D:/คพ222สร้างเกม/Lab5/Lab5
-logFile
Logs/AssetImportWorker0.log
-srvPort
60951
Successfully changed project path to: D:/คพ222สร้างเกม/Lab5/Lab5
D:/คพ222สร้างเกม/Lab5/Lab5
Using Asset Import Pipeline V2.
Refreshing native plugins compatible for Editor in 42.17 ms, found 2 plugins.
Preloading 0 native plugins for Editor in 0.00 ms.
Initialize engine version: 2020.3.24f1 (79c78de19888)
[Subsystems] Discovering subsystems at path D:/unityinst/2020.3.24f1/Editor/Data/Resources/UnitySubsystems
[Subsystems] Discovering subsystems at path D:/คพ222สร้างเกม/Lab5/Lab5/Assets
GfxDevice: creating device client; threaded=0
Direct3D:
    Version:  Direct3D 11.0 [level 11.1]
    Renderer: NVIDIA GeForce GTX 1650 (ID=0x1f91)
    Vendor:   
    VRAM:     3962 MB
    Driver:   27.21.14.6611
Initialize mono
Mono path[0] = 'D:/unityinst/2020.3.24f1/Editor/Data/Managed'
Mono path[1] = 'D:/unityinst/2020.3.24f1/Editor/Data/MonoBleedingEdge/lib/mono/unityjit'
Mono config path = 'D:/unityinst/2020.3.24f1/Editor/Data/MonoBleedingEdge/etc'
Using monoOptions --debugger-agent=transport=dt_socket,embedding=1,server=y,suspend=n,address=127.0.0.1:56520
Begin MonoManager ReloadAssembly
Registering precompiled unity dll's ...
Register platform support module: D:/unityinst/2020.3.24f1/Editor/Data/PlaybackEngines/WindowsStandaloneSupport/UnityEditor.WindowsStandalone.Extensions.dll
Registered in 0.000983 seconds.
Native extension for WindowsStandalone target not found
Refreshing native plugins compatible for Editor in 38.09 ms, found 2 plugins.
Preloading 0 native plugins for Editor in 0.00 ms.
Mono: successfully reloaded assembly
- Completed reload, in  0.671 seconds
Domain Reload Profiling:
	ReloadAssembly (671ms)
		BeginReloadAssembly (56ms)
			ExecutionOrderSort (0ms)
			DisableScriptedObjects (0ms)
			BackupInstance (0ms)
			ReleaseScriptingObjects (0ms)
			CreateAndSetChildDomain (1ms)
		EndReloadAssembly (535ms)
			LoadAssemblies (55ms)
			RebuildTransferFunctionScriptingTraits (0ms)
			SetupTypeCache (187ms)
			ReleaseScriptCaches (0ms)
			RebuildScriptCaches (34ms)
			SetupLoadedEditorAssemblies (189ms)
				LogAssemblyErrors (0ms)
				InitializePlatformSupportModulesInManaged (5ms)
				SetLoadedEditorAssemblies (0ms)
				RefreshPlugins (38ms)
				BeforeProcessingInitializeOnLoad (12ms)
				ProcessInitializeOnLoadAttributes (99ms)
				ProcessInitializeOnLoadMethodAttributes (35ms)
				AfterProcessingInitializeOnLoad (0ms)
				EditorAssembliesLoaded (0ms)
			ExecutionOrderSort2 (0ms)
			AwakeInstancesAfterBackupRestoration (0ms)
Platform modules already initialized, skipping
Registering precompiled user dll's ...
Registered in 0.003950 seconds.
Begin MonoManager ReloadAssembly
Native extension for WindowsStandalone target not found
Refreshing native plugins compatible for Editor in 0.45 ms, found 2 plugins.
Preloading 0 native plugins for Editor in 0.00 ms.
Mono: successfully reloaded assembly
- Completed reload, in  1.821 seconds
Domain Reload Profiling:
	ReloadAssembly (1822ms)
		BeginReloadAssembly (171ms)
			ExecutionOrderSort (0ms)
			DisableScriptedObjects (7ms)
			BackupInstance (0ms)
			ReleaseScriptingObjects (0ms)
			CreateAndSetChildDomain (23ms)
		EndReloadAssembly (1586ms)
			LoadAssemblies (97ms)
			RebuildTransferFunctionScriptingTraits (0ms)
			SetupTypeCache (373ms)
			ReleaseScriptCaches (1ms)
			RebuildScriptCaches (50ms)
			SetupLoadedEditorAssemblies (958ms)
				LogAssemblyErrors (0ms)
				InitializePlatformSupportModulesInManaged (5ms)
				SetLoadedEditorAssemblies (1ms)
				RefreshPlugins (1ms)
				BeforeProcessingInitializeOnLoad (64ms)
				ProcessInitializeOnLoadAttributes (267ms)
				ProcessInitializeOnLoadMethodAttributes (618ms)
				AfterProcessingInitializeOnLoad (2ms)
				EditorAssembliesLoaded (0ms)
			ExecutionOrderSort2 (0ms)
			AwakeInstancesAfterBackupRestoration (8ms)
Platform modules already initialized, skipping
========================================================================
Worker process is ready to serve import requests
Launched and connected shader compiler UnityShaderCompiler.exe after 0.08 seconds
Refreshing native plugins compatible for Editor in 0.45 ms, found 2 plugins.
Preloading 0 native plugins for Editor in 0.00 ms.
Unloading 1546 Unused Serialized files (Serialized files now loaded: 0)
System memory in use before: 69.8 MB.
System memory in use after: 69.8 MB.

Unloading 21 unused Assets to reduce memory usage. Loaded Objects now: 2002.
Total: 4.459700 ms (FindLiveObjects: 0.214600 ms CreateObjectMapping: 0.047200 ms MarkObjects: 4.099700 ms  DeleteObjects: 0.096300 ms)

AssetImportParameters requested are different than current active one (requested -> active):
  custom:framework-win-MediaFoundation: 216162199b28c13a410421893ffa2e32 -> 
  custom:video-decoder-ogg-theora: a1e56fd34408186e4bbccfd4996cb3dc -> 
  custom:container-muxer-webm: aa71ff27fc2769a1b78a27578f13a17b -> 
  custom:container-demuxer-webm: 4f35f7cbe854078d1ac9338744f61a02 -> 
  custom:container-demuxer-ogg: 62fdf1f143b41e24485cea50d1cbac27 -> 
  custom:video-encoder-webm-vp8: eb34c28f22e8b96e1ab97ce403110664 -> 
  custom:video-decoder-webm-vp8: 9c59270c3fd7afecdb556c50c9e8de78 -> 
  custom:audio-decoder-ogg-vorbis: bf7c407c2cedff20999df2af8eb42d56 -> 
  custom:audio-encoder-webm-vorbis: bf7c407c2cedff20999df2af8eb42d56 -> 
========================================================================
Received Import Request.
  path: Assets
  artifactKey: Guid(00000000000000001000000000000000) Importer(815301076,1909f56bfc062723c751e8b465ee728b)
Start importing Assets using Guid(00000000000000001000000000000000) Importer(815301076,1909f56bfc062723c751e8b465ee728b)  -> (artifact id: '42d402b061de3733987d63b9cc3b64de') in 0.014998 seconds 
  Import took 0.017955 seconds .

========================================================================
Received Import Request.
  Time since last request: 3.526250 seconds.
  path: Assets/New Material.mat
  artifactKey: Guid(c8aa107e12178fe40be9535da75c8801) Importer(815301076,1909f56bfc062723c751e8b465ee728b)
Start importing Assets/New Material.mat using Guid(c8aa107e12178fe40be9535da75c8801) Importer(815301076,1909f56bfc062723c751e8b465ee728b)  -> (artifact id: '53180fe63875364dcb8a27d0b4a88eb3') in 0.188730 seconds 
  Import took 0.191571 seconds .

========================================================================
Received Import Request.
  Time since last request: 7.601568 seconds.
  path: Assets/New Material 1.mat
  artifactKey: Guid(f8b4a43727ff52149bf3a1ee8c21ec23) Importer(815301076,1909f56bfc062723c751e8b465ee728b)
Start importing Assets/New Material 1.mat using Guid(f8b4a43727ff52149bf3a1ee8c21ec23) Importer(815301076,1909f56bfc062723c751e8b465ee728b)  -> (artifact id: 'd01c744226ee40e96f4aba5ecf409af5') in 0.023150 seconds 
  Import took 0.027302 seconds .

========================================================================
Received Import Request.
  Time since last request: 2.799624 seconds.
  path: Assets/New Material 2.mat
  artifactKey: Guid(5ea12928bc222ea4cb5e183e9f7a4c22) Importer(815301076,1909f56bfc062723c751e8b465ee728b)
Start importing Assets/New Material 2.mat using Guid(5ea12928bc222ea4cb5e183e9f7a4c22) Importer(815301076,1909f56bfc062723c751e8b465ee728b)  -> (artifact id: 'a18f60f8c07ecf57118266911e5eb0f2') in 0.018904 seconds 
  Import took 0.022151 seconds .

========================================================================
Received Import Request.
  Time since last request: 7.887874 seconds.
  path: Assets/Red.mat
  artifactKey: Guid(f8b4a43727ff52149bf3a1ee8c21ec23) Importer(815301076,1909f56bfc062723c751e8b465ee728b)
Start importing Assets/Red.mat using Guid(f8b4a43727ff52149bf3a1ee8c21ec23) Importer(815301076,1909f56bfc062723c751e8b465ee728b)  -> (artifact id: 'b739a1be56dccef9b076e98bbe2ad8aa') in 0.016778 seconds 
  Import took 0.019646 seconds .

========================================================================
Received Import Request.
  Time since last request: 3.743819 seconds.
  path: Assets/Green.mat
  artifactKey: Guid(c8aa107e12178fe40be9535da75c8801) Importer(815301076,1909f56bfc062723c751e8b465ee728b)
Start importing Assets/Green.mat using Guid(c8aa107e12178fe40be9535da75c8801) Importer(815301076,1909f56bfc062723c751e8b465ee728b)  -> (artifact id: 'a5cf884468dd98aa7091e48c21f0188a') in 0.022300 seconds 
  Import took 0.026959 seconds .

========================================================================
Received Import Request.
  Time since last request: 5.586525 seconds.
  path: Assets/Blue.mat
  artifactKey: Guid(5ea12928bc222ea4cb5e183e9f7a4c22) Importer(815301076,1909f56bfc062723c751e8b465ee728b)
Start importing Assets/Blue.mat using Guid(5ea12928bc222ea4cb5e183e9f7a4c22) Importer(815301076,1909f56bfc062723c751e8b465ee728b)  -> (artifact id: '90a183702896466eee3ae24a09185207') in 0.017404 seconds 
  Import took 0.021128 seconds .

========================================================================
Received Import Request.
  Time since last request: 186.709219 seconds.
  path: Assets/Blue.mat
  artifactKey: Guid(5ea12928bc222ea4cb5e183e9f7a4c22) Importer(815301076,1909f56bfc062723c751e8b465ee728b)
Start importing Assets/Blue.mat using Guid(5ea12928bc222ea4cb5e183e9f7a4c22) Importer(815301076,1909f56bfc062723c751e8b465ee728b)  -> (artifact id: 'ac03e588f853b8e96b1c8dc17eb0e1eb') in 0.018182 seconds 
  Import took 0.021456 seconds .

========================================================================
Received Import Request.
  Time since last request: 0.000297 seconds.
  path: Assets/Red.mat
  artifactKey: Guid(f8b4a43727ff52149bf3a1ee8c21ec23) Importer(815301076,1909f56bfc062723c751e8b465ee728b)
Start importing Assets/Red.mat using Guid(f8b4a43727ff52149bf3a1ee8c21ec23) Importer(815301076,1909f56bfc062723c751e8b465ee728b)  -> (artifact id: 'a02377eac714d33d30cdfeb45eace00f') in 0.027796 seconds 
  Import took 0.032799 seconds .

========================================================================
Received Import Request.
  Time since last request: 0.000481 seconds.
  path: Assets/Green.mat
  artifactKey: Guid(c8aa107e12178fe40be9535da75c8801) Importer(815301076,1909f56bfc062723c751e8b465ee728b)
Start importing Assets/Green.mat using Guid(c8aa107e12178fe40be9535da75c8801) Importer(815301076,1909f56bfc062723c751e8b465ee728b)  -> (artifact id: '0a908f400e23a1be532bfd495771af57') in 0.021966 seconds 
  Import took 0.026864 seconds .

AssetImportWorkerClient::OnTransportError - code=2 error=End of file
